[debug] [2023-05-17T16:06:47.557Z] ----------------------------------------------------------------------
[debug] [2023-05-17T16:06:47.560Z] Command:       E:\Program Files\nodejs\node.exe C:\Users\simit\AppData\Roaming\npm\node_modules\firebase-tools\lib\bin\firebase.js init
[debug] [2023-05-17T16:06:47.561Z] CLI Version:   12.0.0
[debug] [2023-05-17T16:06:47.561Z] Platform:      win32
[debug] [2023-05-17T16:06:47.561Z] Node Version:  v16.17.0
[debug] [2023-05-17T16:06:47.563Z] Time:          Wed May 17 2023 19:06:47 GMT+0300 (Eastern European Summer Time)
[debug] [2023-05-17T16:06:47.564Z] ----------------------------------------------------------------------
[debug] 
[debug] [2023-05-17T16:06:47.575Z] > command requires scopes: ["email","openid","https://www.googleapis.com/auth/cloudplatformprojects.readonly","https://www.googleapis.com/auth/firebase","https://www.googleapis.com/auth/cloud-platform"]
[debug] [2023-05-17T16:06:47.576Z] > authorizing via signed-in user (simitchiev365@gmail.com)
[info] 
     ######## #### ########  ######## ########     ###     ######  ########
     ##        ##  ##     ## ##       ##     ##  ##   ##  ##       ##
     ######    ##  ########  ######   ########  #########  ######  ######
     ##        ##  ##    ##  ##       ##     ## ##     ##       ## ##
     ##       #### ##     ## ######## ########  ##     ##  ######  ########

You're about to initialize a Firebase project in this directory:

  C:\Users\simit\Desktop\ClearCareer-SPA-project\ClearCareer

[info] 
=== Project Setup
[info] 
[info] First, let's associate this project directory with a Firebase project.
[info] You can create multiple project aliases by running firebase use --add, 
[info] but for now we'll just set up a default project.
[info] 
